2024-08-30 14:59:24 [scrapy.utils.log] INFO: Scrapy 2.11.2 started (bot: sec_edgar)
2024-08-30 14:59:24 [scrapy.utils.log] INFO: Versions: lxml 5.3.0.0, libxml2 2.12.9, cssselect 1.2.0, parsel 1.9.1, w3lib 2.2.1, Twisted 24.7.0, Python 3.11.4 (main, Jun 15 2023, 07:29:58) [Clang 14.0.3 (clang-1403.0.22.14.1)], pyOpenSSL 24.2.1 (OpenSSL 3.3.1 4 Jun 2024), cryptography 43.0.0, Platform macOS-14.6.1-x86_64-i386-64bit
2024-08-30 14:59:24 [scrapy.addons] INFO: Enabled addons:
[]
2024-08-30 14:59:24 [asyncio] DEBUG: Using selector: KqueueSelector
2024-08-30 14:59:24 [scrapy.utils.log] DEBUG: Using reactor: twisted.internet.asyncioreactor.AsyncioSelectorReactor
2024-08-30 14:59:24 [scrapy.utils.log] DEBUG: Using asyncio event loop: asyncio.unix_events._UnixSelectorEventLoop
2024-08-30 14:59:24 [scrapy.extensions.telnet] INFO: Telnet Password: ab4ca2d84fa9e3d5
2024-08-30 14:59:24 [scrapy.middleware] INFO: Enabled extensions:
['scrapy.extensions.corestats.CoreStats',
 'scrapy.extensions.telnet.TelnetConsole',
 'scrapy.extensions.memusage.MemoryUsage',
 'scrapy.extensions.logstats.LogStats',
 'scrapy.extensions.throttle.AutoThrottle']
2024-08-30 14:59:24 [scrapy.crawler] INFO: Overridden settings:
{'AUTOTHROTTLE_ENABLED': True,
 'BOT_NAME': 'sec_edgar',
 'CONCURRENT_REQUESTS': 1,
 'COOKIES_ENABLED': False,
 'DOWNLOAD_DELAY': 10,
 'FEED_EXPORT_ENCODING': 'utf-8',
 'LOG_FILE': 'edgar_spider.log',
 'NEWSPIDER_MODULE': 'sec_edgar.spiders',
 'REQUEST_FINGERPRINTER_IMPLEMENTATION': '2.7',
 'SPIDER_MODULES': ['sec_edgar.spiders'],
 'TWISTED_REACTOR': 'twisted.internet.asyncioreactor.AsyncioSelectorReactor',
 'USER_AGENT': 'Your Name yourname@example.com'}
2024-08-30 14:59:24 [scrapy.middleware] INFO: Enabled downloader middlewares:
['scrapy.downloadermiddlewares.offsite.OffsiteMiddleware',
 'scrapy.downloadermiddlewares.httpauth.HttpAuthMiddleware',
 'scrapy.downloadermiddlewares.downloadtimeout.DownloadTimeoutMiddleware',
 'scrapy.downloadermiddlewares.defaultheaders.DefaultHeadersMiddleware',
 'scrapy.downloadermiddlewares.useragent.UserAgentMiddleware',
 'scrapy.downloadermiddlewares.retry.RetryMiddleware',
 'scrapy.downloadermiddlewares.redirect.MetaRefreshMiddleware',
 'scrapy.downloadermiddlewares.httpcompression.HttpCompressionMiddleware',
 'scrapy.downloadermiddlewares.redirect.RedirectMiddleware',
 'scrapy.downloadermiddlewares.httpproxy.HttpProxyMiddleware',
 'scrapy.downloadermiddlewares.stats.DownloaderStats']
2024-08-30 14:59:24 [scrapy.middleware] INFO: Enabled spider middlewares:
['scrapy.spidermiddlewares.httperror.HttpErrorMiddleware',
 'scrapy.spidermiddlewares.referer.RefererMiddleware',
 'scrapy.spidermiddlewares.urllength.UrlLengthMiddleware',
 'scrapy.spidermiddlewares.depth.DepthMiddleware']
2024-08-30 14:59:24 [scrapy.middleware] INFO: Enabled item pipelines:
[]
2024-08-30 14:59:24 [scrapy.core.engine] INFO: Spider opened
2024-08-30 14:59:24 [scrapy.extensions.logstats] INFO: Crawled 0 pages (at 0 pages/min), scraped 0 items (at 0 items/min)
2024-08-30 14:59:24 [scrapy.extensions.telnet] INFO: Telnet console listening on 127.0.0.1:6023
2024-08-30 14:59:24 [edgar] INFO: Starting request to URL: https://www.sec.gov/cgi-bin/browse-edgar?action=getcurrent&CIK=&type=10-K%2C10-Q%2C8-K&company=&dateb=&owner=include&start=0&count=100&output=atom
2024-08-30 14:59:24 [scrapy.core.engine] DEBUG: Crawled (200) <GET https://www.sec.gov/cgi-bin/browse-edgar?action=getcurrent&CIK=&type=10-K%2C10-Q%2C8-K&company=&dateb=&owner=include&start=0&count=100&output=atom> (referer: None)
2024-08-30 14:59:24 [edgar] INFO: Parsing RSS feed: https://www.sec.gov/cgi-bin/browse-edgar?action=getcurrent&CIK=&type=10-K%2C10-Q%2C8-K&company=&dateb=&owner=include&start=0&count=100&output=atom
2024-08-30 14:59:24 [edgar] INFO: Found 0 entries in RSS feed
2024-08-30 14:59:24 [scrapy.core.engine] INFO: Closing spider (finished)
2024-08-30 14:59:24 [scrapy.statscollectors] INFO: Dumping Scrapy stats:
{'downloader/request_bytes': 333,
 'downloader/request_count': 1,
 'downloader/request_method_count/GET': 1,
 'downloader/response_bytes': 682,
 'downloader/response_count': 1,
 'downloader/response_status_count/200': 1,
 'elapsed_time_seconds': 0.372776,
 'finish_reason': 'finished',
 'finish_time': datetime.datetime(2024, 8, 30, 21, 59, 24, 990120, tzinfo=datetime.timezone.utc),
 'httpcompression/response_bytes': 500,
 'httpcompression/response_count': 1,
 'log_count/DEBUG': 4,
 'log_count/INFO': 13,
 'memusage/max': 66023424,
 'memusage/startup': 66023424,
 'response_received_count': 1,
 'scheduler/dequeued': 1,
 'scheduler/dequeued/memory': 1,
 'scheduler/enqueued': 1,
 'scheduler/enqueued/memory': 1,
 'start_time': datetime.datetime(2024, 8, 30, 21, 59, 24, 617344, tzinfo=datetime.timezone.utc)}
2024-08-30 14:59:24 [scrapy.core.engine] INFO: Spider closed (finished)
